Analysis & Synthesis report for p3
Fri Sep 16 12:33:27 2022
Quartus II 64-Bit Version 13.0.1 Build 232 06/12/2013 Service Pack 1 SJ Web Edition


---------------------
; Table of Contents ;
---------------------
  1. Legal Notice
  2. Analysis & Synthesis Summary
  3. Analysis & Synthesis Settings
  4. Parallel Compilation
  5. Analysis & Synthesis Source Files Read
  6. Analysis & Synthesis Resource Usage Summary
  7. Analysis & Synthesis Resource Utilization by Entity
  8. Analysis & Synthesis RAM Summary
  9. Analysis & Synthesis IP Cores Summary
 10. Registers Removed During Synthesis
 11. Removed Registers Triggering Further Register Optimizations
 12. General Register Statistics
 13. Inverted Register Statistics
 14. Multiplexer Restructuring Statistics (Restructuring Performed)
 15. Source assignments for p3:R0|altsyncram:altsyncram_component|altsyncram_e8e1:auto_generated
 16. Parameter Settings for User Entity Instance: p3:R0|altsyncram:altsyncram_component
 17. altsyncram Parameter Settings by Entity Instance
 18. Port Connectivity Checks: "display:H7"
 19. Port Connectivity Checks: "display:H6"
 20. Port Connectivity Checks: "display:H5"
 21. Port Connectivity Checks: "display:H4"
 22. Port Connectivity Checks: "display:H3"
 23. Port Connectivity Checks: "display:H1"
 24. Port Connectivity Checks: "p3_cache:c1"
 25. Elapsed Time Per Partition
 26. Analysis & Synthesis Messages



----------------
; Legal Notice ;
----------------
Copyright (C) 1991-2013 Altera Corporation
Your use of Altera Corporation's design tools, logic functions 
and other software and tools, and its AMPP partner logic 
functions, and any output files from any of the foregoing 
(including device programming or simulation files), and any 
associated documentation or information are expressly subject 
to the terms and conditions of the Altera Program License 
Subscription Agreement, Altera MegaCore Function License 
Agreement, or other applicable license agreement, including, 
without limitation, that your use is for the sole purpose of 
programming logic devices manufactured by Altera and sold by 
Altera or its authorized distributors.  Please refer to the 
applicable agreement for further details.



+--------------------------------------------------------------------------------------+
; Analysis & Synthesis Summary                                                         ;
+------------------------------------+-------------------------------------------------+
; Analysis & Synthesis Status        ; Successful - Fri Sep 16 12:33:27 2022           ;
; Quartus II 64-Bit Version          ; 13.0.1 Build 232 06/12/2013 SP 1 SJ Web Edition ;
; Revision Name                      ; p3                                              ;
; Top-level Entity Name              ; p3_main                                         ;
; Family                             ; Cyclone II                                      ;
; Total logic elements               ; 337                                             ;
;     Total combinational functions  ; 295                                             ;
;     Dedicated logic registers      ; 158                                             ;
; Total registers                    ; 158                                             ;
; Total pins                         ; 86                                              ;
; Total virtual pins                 ; 0                                               ;
; Total memory bits                  ; 48                                              ;
; Embedded Multiplier 9-bit elements ; 0                                               ;
; Total PLLs                         ; 0                                               ;
+------------------------------------+-------------------------------------------------+


+----------------------------------------------------------------------------------------------------------------------+
; Analysis & Synthesis Settings                                                                                        ;
+----------------------------------------------------------------------------+--------------------+--------------------+
; Option                                                                     ; Setting            ; Default Value      ;
+----------------------------------------------------------------------------+--------------------+--------------------+
; Device                                                                     ; EP2C35F672C6       ;                    ;
; Top-level entity name                                                      ; p3_main            ; p3                 ;
; Family name                                                                ; Cyclone II         ; Cyclone IV GX      ;
; Use smart compilation                                                      ; Off                ; Off                ;
; Enable parallel Assembler and TimeQuest Timing Analyzer during compilation ; On                 ; On                 ;
; Enable compact report table                                                ; Off                ; Off                ;
; Restructure Multiplexers                                                   ; Auto               ; Auto               ;
; Create Debugging Nodes for IP Cores                                        ; Off                ; Off                ;
; Preserve fewer node names                                                  ; On                 ; On                 ;
; Disable OpenCore Plus hardware evaluation                                  ; Off                ; Off                ;
; Verilog Version                                                            ; Verilog_2001       ; Verilog_2001       ;
; VHDL Version                                                               ; VHDL_1993          ; VHDL_1993          ;
; State Machine Processing                                                   ; Auto               ; Auto               ;
; Safe State Machine                                                         ; Off                ; Off                ;
; Extract Verilog State Machines                                             ; On                 ; On                 ;
; Extract VHDL State Machines                                                ; On                 ; On                 ;
; Ignore Verilog initial constructs                                          ; Off                ; Off                ;
; Iteration limit for constant Verilog loops                                 ; 5000               ; 5000               ;
; Iteration limit for non-constant Verilog loops                             ; 250                ; 250                ;
; Add Pass-Through Logic to Inferred RAMs                                    ; On                 ; On                 ;
; Infer RAMs from Raw Logic                                                  ; On                 ; On                 ;
; Parallel Synthesis                                                         ; On                 ; On                 ;
; DSP Block Balancing                                                        ; Auto               ; Auto               ;
; NOT Gate Push-Back                                                         ; On                 ; On                 ;
; Power-Up Don't Care                                                        ; On                 ; On                 ;
; Remove Redundant Logic Cells                                               ; Off                ; Off                ;
; Remove Duplicate Registers                                                 ; On                 ; On                 ;
; Ignore CARRY Buffers                                                       ; Off                ; Off                ;
; Ignore CASCADE Buffers                                                     ; Off                ; Off                ;
; Ignore GLOBAL Buffers                                                      ; Off                ; Off                ;
; Ignore ROW GLOBAL Buffers                                                  ; Off                ; Off                ;
; Ignore LCELL Buffers                                                       ; Off                ; Off                ;
; Ignore SOFT Buffers                                                        ; On                 ; On                 ;
; Limit AHDL Integers to 32 Bits                                             ; Off                ; Off                ;
; Optimization Technique                                                     ; Balanced           ; Balanced           ;
; Carry Chain Length                                                         ; 70                 ; 70                 ;
; Auto Carry Chains                                                          ; On                 ; On                 ;
; Auto Open-Drain Pins                                                       ; On                 ; On                 ;
; Perform WYSIWYG Primitive Resynthesis                                      ; Off                ; Off                ;
; Auto ROM Replacement                                                       ; On                 ; On                 ;
; Auto RAM Replacement                                                       ; On                 ; On                 ;
; Auto Shift Register Replacement                                            ; Auto               ; Auto               ;
; Allow Shift Register Merging across Hierarchies                            ; Auto               ; Auto               ;
; Auto Clock Enable Replacement                                              ; On                 ; On                 ;
; Strict RAM Replacement                                                     ; Off                ; Off                ;
; Allow Synchronous Control Signals                                          ; On                 ; On                 ;
; Force Use of Synchronous Clear Signals                                     ; Off                ; Off                ;
; Auto RAM to Logic Cell Conversion                                          ; Off                ; Off                ;
; Auto Resource Sharing                                                      ; Off                ; Off                ;
; Allow Any RAM Size For Recognition                                         ; Off                ; Off                ;
; Allow Any ROM Size For Recognition                                         ; Off                ; Off                ;
; Allow Any Shift Register Size For Recognition                              ; Off                ; Off                ;
; Use LogicLock Constraints during Resource Balancing                        ; On                 ; On                 ;
; Ignore translate_off and synthesis_off directives                          ; Off                ; Off                ;
; Timing-Driven Synthesis                                                    ; Off                ; Off                ;
; Report Parameter Settings                                                  ; On                 ; On                 ;
; Report Source Assignments                                                  ; On                 ; On                 ;
; Report Connectivity Checks                                                 ; On                 ; On                 ;
; Ignore Maximum Fan-Out Assignments                                         ; Off                ; Off                ;
; Synchronization Register Chain Length                                      ; 2                  ; 2                  ;
; PowerPlay Power Optimization                                               ; Normal compilation ; Normal compilation ;
; HDL message level                                                          ; Level2             ; Level2             ;
; Suppress Register Optimization Related Messages                            ; Off                ; Off                ;
; Number of Removed Registers Reported in Synthesis Report                   ; 5000               ; 5000               ;
; Number of Swept Nodes Reported in Synthesis Report                         ; 5000               ; 5000               ;
; Number of Inverted Registers Reported in Synthesis Report                  ; 100                ; 100                ;
; Clock MUX Protection                                                       ; On                 ; On                 ;
; Auto Gated Clock Conversion                                                ; Off                ; Off                ;
; Block Design Naming                                                        ; Auto               ; Auto               ;
; SDC constraint protection                                                  ; Off                ; Off                ;
; Synthesis Effort                                                           ; Auto               ; Auto               ;
; Shift Register Replacement - Allow Asynchronous Clear Signal               ; On                 ; On                 ;
; Pre-Mapping Resynthesis Optimization                                       ; Off                ; Off                ;
; Analysis & Synthesis Message Level                                         ; Medium             ; Medium             ;
; Disable Register Merging Across Hierarchies                                ; Auto               ; Auto               ;
; Resource Aware Inference For Block RAM                                     ; On                 ; On                 ;
; Synthesis Seed                                                             ; 1                  ; 1                  ;
+----------------------------------------------------------------------------+--------------------+--------------------+


Parallel compilation was disabled, but you have multiple processors available. Enable parallel compilation to reduce compilation time.
+-------------------------------------+
; Parallel Compilation                ;
+----------------------------+--------+
; Processors                 ; Number ;
+----------------------------+--------+
; Number detected on machine ; 4      ;
; Maximum allowed            ; 1      ;
+----------------------------+--------+


+---------------------------------------------------------------------------------------------------------------------------------------------------------------------------------------------------------------------------------+
; Analysis & Synthesis Source Files Read                                                                                                                                                                                          ;
+----------------------------------+-----------------+----------------------------------------+-------------------------------------------------------------------------------------------------------------------------+---------+
; File Name with User-Entered Path ; Used in Netlist ; File Type                              ; File Name with Absolute Path                                                                                            ; Library ;
+----------------------------------+-----------------+----------------------------------------+-------------------------------------------------------------------------------------------------------------------------+---------+
; p3.v                             ; yes             ; User Wizard-Generated File             ; C:/Users/Aluno/Downloads/LAOC-PARTE3_versaoDoLab/LAOC-PARTE3_versaoDoLab/LAOC-PARTE3_versaoDoLab/p3.v                   ;         ;
; p3_main.v                        ; yes             ; User Verilog HDL File                  ; C:/Users/Aluno/Downloads/LAOC-PARTE3_versaoDoLab/LAOC-PARTE3_versaoDoLab/LAOC-PARTE3_versaoDoLab/p3_main.v              ;         ;
; p3_cache.v                       ; yes             ; User Verilog HDL File                  ; C:/Users/Aluno/Downloads/LAOC-PARTE3_versaoDoLab/LAOC-PARTE3_versaoDoLab/LAOC-PARTE3_versaoDoLab/p3_cache.v             ;         ;
; display.v                        ; yes             ; User Verilog HDL File                  ; C:/Users/Aluno/Downloads/LAOC-PARTE3_versaoDoLab/LAOC-PARTE3_versaoDoLab/LAOC-PARTE3_versaoDoLab/display.v              ;         ;
; altsyncram.tdf                   ; yes             ; Megafunction                           ; c:/altera/13.0sp1/quartus/libraries/megafunctions/altsyncram.tdf                                                        ;         ;
; stratix_ram_block.inc            ; yes             ; Megafunction                           ; c:/altera/13.0sp1/quartus/libraries/megafunctions/stratix_ram_block.inc                                                 ;         ;
; lpm_mux.inc                      ; yes             ; Megafunction                           ; c:/altera/13.0sp1/quartus/libraries/megafunctions/lpm_mux.inc                                                           ;         ;
; lpm_decode.inc                   ; yes             ; Megafunction                           ; c:/altera/13.0sp1/quartus/libraries/megafunctions/lpm_decode.inc                                                        ;         ;
; aglobal130.inc                   ; yes             ; Megafunction                           ; c:/altera/13.0sp1/quartus/libraries/megafunctions/aglobal130.inc                                                        ;         ;
; a_rdenreg.inc                    ; yes             ; Megafunction                           ; c:/altera/13.0sp1/quartus/libraries/megafunctions/a_rdenreg.inc                                                         ;         ;
; altrom.inc                       ; yes             ; Megafunction                           ; c:/altera/13.0sp1/quartus/libraries/megafunctions/altrom.inc                                                            ;         ;
; altram.inc                       ; yes             ; Megafunction                           ; c:/altera/13.0sp1/quartus/libraries/megafunctions/altram.inc                                                            ;         ;
; altdpram.inc                     ; yes             ; Megafunction                           ; c:/altera/13.0sp1/quartus/libraries/megafunctions/altdpram.inc                                                          ;         ;
; db/altsyncram_e8e1.tdf           ; yes             ; Auto-Generated Megafunction            ; C:/Users/Aluno/Downloads/LAOC-PARTE3_versaoDoLab/LAOC-PARTE3_versaoDoLab/LAOC-PARTE3_versaoDoLab/db/altsyncram_e8e1.tdf ;         ;
; p3.mif                           ; yes             ; Auto-Found Memory Initialization File  ; C:/Users/Aluno/Downloads/LAOC-PARTE3_versaoDoLab/LAOC-PARTE3_versaoDoLab/LAOC-PARTE3_versaoDoLab/p3.mif                 ;         ;
+----------------------------------+-----------------+----------------------------------------+-------------------------------------------------------------------------------------------------------------------------+---------+


+------------------------------------------------------+
; Analysis & Synthesis Resource Usage Summary          ;
+---------------------------------------------+--------+
; Resource                                    ; Usage  ;
+---------------------------------------------+--------+
; Estimated Total logic elements              ; 337    ;
;                                             ;        ;
; Total combinational functions               ; 295    ;
; Logic element usage by number of LUT inputs ;        ;
;     -- 4 input functions                    ; 161    ;
;     -- 3 input functions                    ; 58     ;
;     -- <=2 input functions                  ; 76     ;
;                                             ;        ;
; Logic elements by mode                      ;        ;
;     -- normal mode                          ; 264    ;
;     -- arithmetic mode                      ; 31     ;
;                                             ;        ;
; Total registers                             ; 158    ;
;     -- Dedicated logic registers            ; 158    ;
;     -- I/O registers                        ; 0      ;
;                                             ;        ;
; I/O pins                                    ; 86     ;
; Total memory bits                           ; 48     ;
; Embedded Multiplier 9-bit elements          ; 0      ;
; Maximum fan-out node                        ; KEY[0] ;
; Maximum fan-out                             ; 161    ;
; Total fan-out                               ; 1464   ;
; Average fan-out                             ; 2.70   ;
+---------------------------------------------+--------+


+------------------------------------------------------------------------------------------------------------------------------------------------------------------------------------------------------------------------------------------------------+
; Analysis & Synthesis Resource Utilization by Entity                                                                                                                                                                                                  ;
+-------------------------------------------+-------------------+--------------+-------------+--------------+---------+-----------+------+--------------+-------------------------------------------------------------------------------+--------------+
; Compilation Hierarchy Node                ; LC Combinationals ; LC Registers ; Memory Bits ; DSP Elements ; DSP 9x9 ; DSP 18x18 ; Pins ; Virtual Pins ; Full Hierarchy Name                                                           ; Library Name ;
+-------------------------------------------+-------------------+--------------+-------------+--------------+---------+-----------+------+--------------+-------------------------------------------------------------------------------+--------------+
; |p3_main                                  ; 295 (8)           ; 158 (8)      ; 48          ; 0            ; 0       ; 0         ; 86   ; 0            ; |p3_main                                                                      ; work         ;
;    |display:H1|                           ; 0 (0)             ; 4 (4)        ; 0           ; 0            ; 0       ; 0         ; 0    ; 0            ; |p3_main|display:H1                                                           ; work         ;
;    |display:H3|                           ; 7 (7)             ; 7 (7)        ; 0           ; 0            ; 0       ; 0         ; 0    ; 0            ; |p3_main|display:H3                                                           ; work         ;
;    |display:H4|                           ; 7 (7)             ; 7 (7)        ; 0           ; 0            ; 0       ; 0         ; 0    ; 0            ; |p3_main|display:H4                                                           ; work         ;
;    |display:H6|                           ; 0 (0)             ; 4 (4)        ; 0           ; 0            ; 0       ; 0         ; 0    ; 0            ; |p3_main|display:H6                                                           ; work         ;
;    |display:H7|                           ; 0 (0)             ; 4 (4)        ; 0           ; 0            ; 0       ; 0         ; 0    ; 0            ; |p3_main|display:H7                                                           ; work         ;
;    |p3:R0|                                ; 0 (0)             ; 0 (0)        ; 48          ; 0            ; 0       ; 0         ; 0    ; 0            ; |p3_main|p3:R0                                                                ; work         ;
;       |altsyncram:altsyncram_component|   ; 0 (0)             ; 0 (0)        ; 48          ; 0            ; 0       ; 0         ; 0    ; 0            ; |p3_main|p3:R0|altsyncram:altsyncram_component                                ; work         ;
;          |altsyncram_e8e1:auto_generated| ; 0 (0)             ; 0 (0)        ; 48          ; 0            ; 0       ; 0         ; 0    ; 0            ; |p3_main|p3:R0|altsyncram:altsyncram_component|altsyncram_e8e1:auto_generated ; work         ;
;    |p3_cache:c1|                          ; 273 (273)         ; 124 (124)    ; 0           ; 0            ; 0       ; 0         ; 0    ; 0            ; |p3_main|p3_cache:c1                                                          ; work         ;
+-------------------------------------------+-------------------+--------------+-------------+--------------+---------+-----------+------+--------------+-------------------------------------------------------------------------------+--------------+
Note: For table entries with two numbers listed, the numbers in parentheses indicate the number of resources of the given type used by the specific entity alone. The numbers listed outside of parentheses indicate the total resources of the given type used by the specific entity and all of its sub-entities in the hierarchy.


+----------------------------------------------------------------------------------------------------------------------------------------------------------------------------------+
; Analysis & Synthesis RAM Summary                                                                                                                                                 ;
+---------------------------------------------------------------------------------+------+-------------+--------------+--------------+--------------+--------------+------+--------+
; Name                                                                            ; Type ; Mode        ; Port A Depth ; Port A Width ; Port B Depth ; Port B Width ; Size ; MIF    ;
+---------------------------------------------------------------------------------+------+-------------+--------------+--------------+--------------+--------------+------+--------+
; p3:R0|altsyncram:altsyncram_component|altsyncram_e8e1:auto_generated|ALTSYNCRAM ; M4K  ; Single Port ; 32           ; 8            ; --           ; --           ; 256  ; p3.mif ;
+---------------------------------------------------------------------------------+------+-------------+--------------+--------------+--------------+--------------+------+--------+


+-----------------------------------------------------------------------------------------------------------------------------------------------------------------------------------------+
; Analysis & Synthesis IP Cores Summary                                                                                                                                                   ;
+--------+--------------+---------+--------------+--------------+-----------------+-------------------------------------------------------------------------------------------------------+
; Vendor ; IP Core Name ; Version ; Release Date ; License Type ; Entity Instance ; IP Include File                                                                                       ;
+--------+--------------+---------+--------------+--------------+-----------------+-------------------------------------------------------------------------------------------------------+
; Altera ; RAM: 1-PORT  ; 13.0    ; N/A          ; N/A          ; |p3_main|p3:R0  ; C:/Users/Aluno/Downloads/LAOC-PARTE3_versaoDoLab/LAOC-PARTE3_versaoDoLab/LAOC-PARTE3_versaoDoLab/p3.v ;
+--------+--------------+---------+--------------+--------------+-----------------+-------------------------------------------------------------------------------------------------------+


+---------------------------------------------------------------------------------+
; Registers Removed During Synthesis                                              ;
+----------------------------------------+----------------------------------------+
; Register name                          ; Reason for Removal                     ;
+----------------------------------------+----------------------------------------+
; p3_cache:c1|addrCacheOut[4]            ; Stuck at GND due to stuck port data_in ;
; display:H7|saida[1,2]                  ; Stuck at GND due to stuck port data_in ;
; display:H6|saida[1,2]                  ; Stuck at GND due to stuck port data_in ;
; display:H5|saida[1,2]                  ; Stuck at GND due to stuck port data_in ;
; display:H1|saida[1,2]                  ; Stuck at GND due to stuck port data_in ;
; p3_cache:c1|dataCacheParaMem[3..7]     ; Lost fanout                            ;
; cacheDataOutToDisplay[3]               ; Stuck at GND due to stuck port data_in ;
; p3_cache:c1|atualiza[2..31]            ; Merged with p3_cache:c1|atualiza[1]    ;
; p3_cache:c1|atualiza[1]                ; Stuck at GND due to stuck port data_in ;
; display:H7|saida[6]                    ; Stuck at VCC due to stuck port data_in ;
; display:H6|saida[6]                    ; Stuck at VCC due to stuck port data_in ;
; display:H5|saida[6]                    ; Stuck at VCC due to stuck port data_in ;
; display:H1|saida[6]                    ; Stuck at VCC due to stuck port data_in ;
; p3_cache:c1|cacheVia1[0][8]            ; Stuck at VCC due to stuck port data_in ;
; p3_cache:c1|cacheVia1[1][8]            ; Stuck at VCC due to stuck port data_in ;
; p3_cache:c1|cacheVia1[2][8]            ; Stuck at VCC due to stuck port data_in ;
; p3_cache:c1|cacheVia1[3][8]            ; Stuck at VCC due to stuck port data_in ;
; p3_cache:c1|cacheVia0[1][8]            ; Stuck at VCC due to stuck port data_in ;
; p3_cache:c1|cacheVia0[3][8]            ; Stuck at VCC due to stuck port data_in ;
; p3_cache:c1|blocoVia0[6]               ; Stuck at VCC due to stuck port data_in ;
; p3_cache:c1|blocoVia1[6,8]             ; Stuck at VCC due to stuck port data_in ;
; lruToDisplay                           ; Stuck at VCC due to stuck port data_in ;
; display:H5|saida[0,3..5]               ; Stuck at VCC due to stuck port data_in ;
; Total Number of Removed Registers = 64 ;                                        ;
+----------------------------------------+----------------------------------------+


+----------------------------------------------------------------------------------------------------------------------------------------------+
; Removed Registers Triggering Further Register Optimizations                                                                                  ;
+-------------------------+---------------------------+----------------------------------------------------------------------------------------+
; Register name           ; Reason for Removal        ; Registers Removed due to This Register                                                 ;
+-------------------------+---------------------------+----------------------------------------------------------------------------------------+
; p3_cache:c1|atualiza[1] ; Stuck at GND              ; p3_cache:c1|cacheVia1[0][8], p3_cache:c1|cacheVia1[1][8],                              ;
;                         ; due to stuck port data_in ; p3_cache:c1|cacheVia1[2][8], p3_cache:c1|cacheVia1[3][8],                              ;
;                         ;                           ; p3_cache:c1|cacheVia0[1][8], p3_cache:c1|cacheVia0[3][8], p3_cache:c1|blocoVia0[6],    ;
;                         ;                           ; p3_cache:c1|blocoVia1[8], p3_cache:c1|blocoVia1[6], lruToDisplay, display:H5|saida[5], ;
;                         ;                           ; display:H5|saida[4], display:H5|saida[3], display:H5|saida[0]                          ;
+-------------------------+---------------------------+----------------------------------------------------------------------------------------+


+------------------------------------------------------+
; General Register Statistics                          ;
+----------------------------------------------+-------+
; Statistic                                    ; Value ;
+----------------------------------------------+-------+
; Total registers                              ; 158   ;
; Number of registers using Synchronous Clear  ; 1     ;
; Number of registers using Synchronous Load   ; 15    ;
; Number of registers using Asynchronous Clear ; 0     ;
; Number of registers using Asynchronous Load  ; 0     ;
; Number of registers using Clock Enable       ; 103   ;
; Number of registers using Preset             ; 0     ;
+----------------------------------------------+-------+


+--------------------------------------------------+
; Inverted Register Statistics                     ;
+----------------------------------------+---------+
; Inverted Register                      ; Fan out ;
+----------------------------------------+---------+
; p3_cache:c1|cacheVia0[0][5]            ; 1       ;
; p3_cache:c1|cacheVia0[3][6]            ; 1       ;
; p3_cache:c1|cacheVia0[1][0]            ; 2       ;
; p3_cache:c1|cacheVia0[0][0]            ; 2       ;
; p3_cache:c1|cacheVia0[3][0]            ; 2       ;
; p3_cache:c1|cacheVia0[1][1]            ; 2       ;
; p3_cache:c1|cacheVia0[0][1]            ; 2       ;
; p3_cache:c1|cacheVia0[3][1]            ; 2       ;
; Total number of inverted registers = 8 ;         ;
+----------------------------------------+---------+


+--------------------------------------------------------------------------------------------------------------------------------------------------------+
; Multiplexer Restructuring Statistics (Restructuring Performed)                                                                                         ;
+--------------------+-----------+---------------+----------------------+------------------------+------------+------------------------------------------+
; Multiplexer Inputs ; Bus Width ; Baseline Area ; Area if Restructured ; Saving if Restructured ; Registered ; Example Multiplexer Output               ;
+--------------------+-----------+---------------+----------------------+------------------------+------------+------------------------------------------+
; 3:1                ; 3 bits    ; 6 LEs         ; 3 LEs                ; 3 LEs                  ; Yes        ; |p3_main|p3_cache:c1|readMemDone[0]      ;
; 4:1                ; 3 bits    ; 6 LEs         ; 0 LEs                ; 6 LEs                  ; Yes        ; |p3_main|p3_cache:c1|blocoVia0[3]        ;
; 5:1                ; 4 bits    ; 12 LEs        ; 0 LEs                ; 12 LEs                 ; Yes        ; |p3_main|p3_cache:c1|cacheVia1[0][8]     ;
; 6:1                ; 3 bits    ; 12 LEs        ; 3 LEs                ; 9 LEs                  ; Yes        ; |p3_main|p3_cache:c1|cacheVia1[0][2]     ;
; 6:1                ; 3 bits    ; 12 LEs        ; 3 LEs                ; 9 LEs                  ; Yes        ; |p3_main|p3_cache:c1|cacheVia1[1][2]     ;
; 6:1                ; 3 bits    ; 12 LEs        ; 3 LEs                ; 9 LEs                  ; Yes        ; |p3_main|p3_cache:c1|cacheVia1[2][1]     ;
; 6:1                ; 3 bits    ; 12 LEs        ; 3 LEs                ; 9 LEs                  ; Yes        ; |p3_main|p3_cache:c1|cacheVia1[3][1]     ;
; 5:1                ; 2 bits    ; 6 LEs         ; 0 LEs                ; 6 LEs                  ; Yes        ; |p3_main|p3_cache:c1|cacheVia0[2][8]     ;
; 6:1                ; 3 bits    ; 12 LEs        ; 3 LEs                ; 9 LEs                  ; Yes        ; |p3_main|p3_cache:c1|cacheVia0[2][2]     ;
; 8:1                ; 4 bits    ; 20 LEs        ; 12 LEs               ; 8 LEs                  ; Yes        ; |p3_main|p3_cache:c1|blocoVia0[8]        ;
; 8:1                ; 4 bits    ; 20 LEs        ; 8 LEs                ; 12 LEs                 ; Yes        ; |p3_main|p3_cache:c1|cacheVia0[1][7]     ;
; 9:1                ; 4 bits    ; 24 LEs        ; 8 LEs                ; 16 LEs                 ; Yes        ; |p3_main|p3_cache:c1|cacheVia1[2][7]     ;
; 9:1                ; 3 bits    ; 18 LEs        ; 0 LEs                ; 18 LEs                 ; Yes        ; |p3_main|p3_cache:c1|blocoVia1[4]        ;
; 9:1                ; 3 bits    ; 18 LEs        ; 3 LEs                ; 15 LEs                 ; Yes        ; |p3_main|p3_cache:c1|dataCacheParaMem[0] ;
; 12:1               ; 4 bits    ; 32 LEs        ; 12 LEs               ; 20 LEs                 ; Yes        ; |p3_main|p3_cache:c1|blocoVia1[2]        ;
; 10:1               ; 2 bits    ; 12 LEs        ; 4 LEs                ; 8 LEs                  ; Yes        ; |p3_main|p3_cache:c1|addrCacheOut[2]     ;
; 5:1                ; 2 bits    ; 6 LEs         ; 0 LEs                ; 6 LEs                  ; Yes        ; |p3_main|p3_cache:c1|cacheVia0[3][8]     ;
; 6:1                ; 2 bits    ; 8 LEs         ; 2 LEs                ; 6 LEs                  ; Yes        ; |p3_main|p3_cache:c1|cacheVia0[0][0]     ;
; 6:1                ; 2 bits    ; 8 LEs         ; 2 LEs                ; 6 LEs                  ; Yes        ; |p3_main|p3_cache:c1|cacheVia0[1][0]     ;
; 6:1                ; 2 bits    ; 8 LEs         ; 2 LEs                ; 6 LEs                  ; Yes        ; |p3_main|p3_cache:c1|cacheVia0[3][1]     ;
; 4:1                ; 18 bits   ; 36 LEs        ; 36 LEs               ; 0 LEs                  ; No         ; |p3_main|p3_cache:c1|Mux34               ;
+--------------------+-----------+---------------+----------------------+------------------------+------------+------------------------------------------+


+---------------------------------------------------------------------------------------------+
; Source assignments for p3:R0|altsyncram:altsyncram_component|altsyncram_e8e1:auto_generated ;
+---------------------------------+--------------------+------+-------------------------------+
; Assignment                      ; Value              ; From ; To                            ;
+---------------------------------+--------------------+------+-------------------------------+
; OPTIMIZE_POWER_DURING_SYNTHESIS ; NORMAL_COMPILATION ; -    ; -                             ;
+---------------------------------+--------------------+------+-------------------------------+


+------------------------------------------------------------------------------------+
; Parameter Settings for User Entity Instance: p3:R0|altsyncram:altsyncram_component ;
+------------------------------------+----------------------+------------------------+
; Parameter Name                     ; Value                ; Type                   ;
+------------------------------------+----------------------+------------------------+
; BYTE_SIZE_BLOCK                    ; 8                    ; Untyped                ;
; AUTO_CARRY_CHAINS                  ; ON                   ; AUTO_CARRY             ;
; IGNORE_CARRY_BUFFERS               ; OFF                  ; IGNORE_CARRY           ;
; AUTO_CASCADE_CHAINS                ; ON                   ; AUTO_CASCADE           ;
; IGNORE_CASCADE_BUFFERS             ; OFF                  ; IGNORE_CASCADE         ;
; WIDTH_BYTEENA                      ; 1                    ; Untyped                ;
; OPERATION_MODE                     ; SINGLE_PORT          ; Untyped                ;
; WIDTH_A                            ; 8                    ; Signed Integer         ;
; WIDTHAD_A                          ; 5                    ; Signed Integer         ;
; NUMWORDS_A                         ; 32                   ; Signed Integer         ;
; OUTDATA_REG_A                      ; UNREGISTERED         ; Untyped                ;
; ADDRESS_ACLR_A                     ; NONE                 ; Untyped                ;
; OUTDATA_ACLR_A                     ; NONE                 ; Untyped                ;
; WRCONTROL_ACLR_A                   ; NONE                 ; Untyped                ;
; INDATA_ACLR_A                      ; NONE                 ; Untyped                ;
; BYTEENA_ACLR_A                     ; NONE                 ; Untyped                ;
; WIDTH_B                            ; 1                    ; Untyped                ;
; WIDTHAD_B                          ; 1                    ; Untyped                ;
; NUMWORDS_B                         ; 1                    ; Untyped                ;
; INDATA_REG_B                       ; CLOCK1               ; Untyped                ;
; WRCONTROL_WRADDRESS_REG_B          ; CLOCK1               ; Untyped                ;
; RDCONTROL_REG_B                    ; CLOCK1               ; Untyped                ;
; ADDRESS_REG_B                      ; CLOCK1               ; Untyped                ;
; OUTDATA_REG_B                      ; UNREGISTERED         ; Untyped                ;
; BYTEENA_REG_B                      ; CLOCK1               ; Untyped                ;
; INDATA_ACLR_B                      ; NONE                 ; Untyped                ;
; WRCONTROL_ACLR_B                   ; NONE                 ; Untyped                ;
; ADDRESS_ACLR_B                     ; NONE                 ; Untyped                ;
; OUTDATA_ACLR_B                     ; NONE                 ; Untyped                ;
; RDCONTROL_ACLR_B                   ; NONE                 ; Untyped                ;
; BYTEENA_ACLR_B                     ; NONE                 ; Untyped                ;
; WIDTH_BYTEENA_A                    ; 1                    ; Signed Integer         ;
; WIDTH_BYTEENA_B                    ; 1                    ; Untyped                ;
; RAM_BLOCK_TYPE                     ; M4K                  ; Untyped                ;
; BYTE_SIZE                          ; 8                    ; Untyped                ;
; READ_DURING_WRITE_MODE_MIXED_PORTS ; DONT_CARE            ; Untyped                ;
; READ_DURING_WRITE_MODE_PORT_A      ; NEW_DATA_NO_NBE_READ ; Untyped                ;
; READ_DURING_WRITE_MODE_PORT_B      ; NEW_DATA_NO_NBE_READ ; Untyped                ;
; INIT_FILE                          ; p3.mif               ; Untyped                ;
; INIT_FILE_LAYOUT                   ; PORT_A               ; Untyped                ;
; MAXIMUM_DEPTH                      ; 0                    ; Untyped                ;
; CLOCK_ENABLE_INPUT_A               ; BYPASS               ; Untyped                ;
; CLOCK_ENABLE_INPUT_B               ; NORMAL               ; Untyped                ;
; CLOCK_ENABLE_OUTPUT_A              ; BYPASS               ; Untyped                ;
; CLOCK_ENABLE_OUTPUT_B              ; NORMAL               ; Untyped                ;
; CLOCK_ENABLE_CORE_A                ; USE_INPUT_CLKEN      ; Untyped                ;
; CLOCK_ENABLE_CORE_B                ; USE_INPUT_CLKEN      ; Untyped                ;
; ENABLE_ECC                         ; FALSE                ; Untyped                ;
; ECC_PIPELINE_STAGE_ENABLED         ; FALSE                ; Untyped                ;
; WIDTH_ECCSTATUS                    ; 3                    ; Untyped                ;
; DEVICE_FAMILY                      ; Cyclone II           ; Untyped                ;
; CBXI_PARAMETER                     ; altsyncram_e8e1      ; Untyped                ;
+------------------------------------+----------------------+------------------------+
Note: In order to hide this table in the UI and the text report file, please set the "Show Parameter Settings in Synthesis Report" option in "Analysis and Synthesis Settings -> More Settings" to "Off".


+-----------------------------------------------------------------------------------+
; altsyncram Parameter Settings by Entity Instance                                  ;
+-------------------------------------------+---------------------------------------+
; Name                                      ; Value                                 ;
+-------------------------------------------+---------------------------------------+
; Number of entity instances                ; 1                                     ;
; Entity Instance                           ; p3:R0|altsyncram:altsyncram_component ;
;     -- OPERATION_MODE                     ; SINGLE_PORT                           ;
;     -- WIDTH_A                            ; 8                                     ;
;     -- NUMWORDS_A                         ; 32                                    ;
;     -- OUTDATA_REG_A                      ; UNREGISTERED                          ;
;     -- WIDTH_B                            ; 1                                     ;
;     -- NUMWORDS_B                         ; 1                                     ;
;     -- ADDRESS_REG_B                      ; CLOCK1                                ;
;     -- OUTDATA_REG_B                      ; UNREGISTERED                          ;
;     -- RAM_BLOCK_TYPE                     ; M4K                                   ;
;     -- READ_DURING_WRITE_MODE_MIXED_PORTS ; DONT_CARE                             ;
+-------------------------------------------+---------------------------------------+


+-------------------------------------------------+
; Port Connectivity Checks: "display:H7"          ;
+---------------+-------+----------+--------------+
; Port          ; Type  ; Severity ; Details      ;
+---------------+-------+----------+--------------+
; entrada[3..1] ; Input ; Info     ; Stuck at GND ;
+---------------+-------+----------+--------------+


+-------------------------------------------------+
; Port Connectivity Checks: "display:H6"          ;
+---------------+-------+----------+--------------+
; Port          ; Type  ; Severity ; Details      ;
+---------------+-------+----------+--------------+
; entrada[3..1] ; Input ; Info     ; Stuck at GND ;
+---------------+-------+----------+--------------+


+-------------------------------------------------+
; Port Connectivity Checks: "display:H5"          ;
+---------------+-------+----------+--------------+
; Port          ; Type  ; Severity ; Details      ;
+---------------+-------+----------+--------------+
; entrada[3..1] ; Input ; Info     ; Stuck at GND ;
+---------------+-------+----------+--------------+


+----------------------------------------------+
; Port Connectivity Checks: "display:H4"       ;
+------------+-------+----------+--------------+
; Port       ; Type  ; Severity ; Details      ;
+------------+-------+----------+--------------+
; entrada[3] ; Input ; Info     ; Stuck at GND ;
+------------+-------+----------+--------------+


+----------------------------------------------------------------------------------------------------------------------------------------------------------------------------------------------------------------+
; Port Connectivity Checks: "display:H3"                                                                                                                                                                         ;
+---------+-------+----------+-----------------------------------------------------------------------------------------------------------------------------------------------------------------------------------+
; Port    ; Type  ; Severity ; Details                                                                                                                                                                           ;
+---------+-------+----------+-----------------------------------------------------------------------------------------------------------------------------------------------------------------------------------+
; entrada ; Input ; Warning  ; Input port expression (10 bits) is wider than the input port (4 bits) it drives.  The 6 most-significant bit(s) in the expression will be dangling if they have no other fanouts. ;
+---------+-------+----------+-----------------------------------------------------------------------------------------------------------------------------------------------------------------------------------+


+-------------------------------------------------+
; Port Connectivity Checks: "display:H1"          ;
+---------------+-------+----------+--------------+
; Port          ; Type  ; Severity ; Details      ;
+---------------+-------+----------+--------------+
; entrada[3..1] ; Input ; Info     ; Stuck at GND ;
+---------------+-------+----------+--------------+


+--------------------------------------------------------------------------------------------------------------------------+
; Port Connectivity Checks: "p3_cache:c1"                                                                                  ;
+----------------+--------+----------+-------------------------------------------------------------------------------------+
; Port           ; Type   ; Severity ; Details                                                                             ;
+----------------+--------+----------+-------------------------------------------------------------------------------------+
; dataOut        ; Output ; Info     ; Connected to dangling logic. Logic that only feeds a dangling port will be removed. ;
; blocoVia0Antes ; Output ; Info     ; Connected to dangling logic. Logic that only feeds a dangling port will be removed. ;
; blocoVia1Antes ; Output ; Info     ; Connected to dangling logic. Logic that only feeds a dangling port will be removed. ;
; dataMem        ; Output ; Info     ; Connected to dangling logic. Logic that only feeds a dangling port will be removed. ;
; dataInOut      ; Output ; Info     ; Connected to dangling logic. Logic that only feeds a dangling port will be removed. ;
+----------------+--------+----------+-------------------------------------------------------------------------------------+


+-------------------------------+
; Elapsed Time Per Partition    ;
+----------------+--------------+
; Partition Name ; Elapsed Time ;
+----------------+--------------+
; Top            ; 00:00:01     ;
+----------------+--------------+


+-------------------------------+
; Analysis & Synthesis Messages ;
+-------------------------------+
Info: *******************************************************************
Info: Running Quartus II 64-Bit Analysis & Synthesis
    Info: Version 13.0.1 Build 232 06/12/2013 Service Pack 1 SJ Web Edition
    Info: Processing started: Fri Sep 16 12:33:24 2022
Info: Command: quartus_map --read_settings_files=on --write_settings_files=off p3 -c p3
Warning (20028): Parallel compilation is not licensed and has been disabled
Info (12021): Found 1 design units, including 1 entities, in source file p3.v
    Info (12023): Found entity 1: p3
Info (12021): Found 1 design units, including 1 entities, in source file p3_main.v
    Info (12023): Found entity 1: p3_main
Info (12021): Found 1 design units, including 1 entities, in source file p3_cache.v
    Info (12023): Found entity 1: p3_cache
Info (12021): Found 1 design units, including 1 entities, in source file display.v
    Info (12023): Found entity 1: display
Info (12021): Found 1 design units, including 1 entities, in source file mux_dados.v
    Info (12023): Found entity 1: mux_dados
Info (12021): Found 1 design units, including 1 entities, in source file mux_address.v
    Info (12023): Found entity 1: mux_address
Warning (10236): Verilog HDL Implicit Net warning at p3_main.v(43): created implicit net for "hit"
Warning (10236): Verilog HDL Implicit Net warning at p3_main.v(43): created implicit net for "via"
Info (12127): Elaborating entity "p3_main" for the top level hierarchy
Warning (10036): Verilog HDL or VHDL warning at p3_main.v(11): object "addrRAM" assigned a value but never read
Warning (10036): Verilog HDL or VHDL warning at p3_main.v(12): object "clockRAM" assigned a value but never read
Warning (10036): Verilog HDL or VHDL warning at p3_main.v(20): object "exibirBlocoVia0" assigned a value but never read
Warning (10036): Verilog HDL or VHDL warning at p3_main.v(21): object "exibirBlocoVia1" assigned a value but never read
Warning (10036): Verilog HDL or VHDL warning at p3_main.v(22): object "exibirBlocoVia0Antes" assigned a value but never read
Warning (10036): Verilog HDL or VHDL warning at p3_main.v(23): object "exibirBlocoVia1Antes" assigned a value but never read
Warning (10034): Output port "LEDG" at p3_main.v(7) has no driver
Warning (10034): Output port "HEX0" at p3_main.v(6) has no driver
Warning (10034): Output port "HEX2" at p3_main.v(6) has no driver
Info (12128): Elaborating entity "p3_cache" for hierarchy "p3_cache:c1"
Warning (10036): Verilog HDL or VHDL warning at p3_cache.v(31): object "cacheAntiga" assigned a value but never read
Warning (10855): Verilog HDL warning at p3_cache.v(35): initial value for variable cacheVia1 should be constant
Info (12128): Elaborating entity "p3" for hierarchy "p3:R0"
Info (12128): Elaborating entity "altsyncram" for hierarchy "p3:R0|altsyncram:altsyncram_component"
Info (12130): Elaborated megafunction instantiation "p3:R0|altsyncram:altsyncram_component"
Info (12133): Instantiated megafunction "p3:R0|altsyncram:altsyncram_component" with the following parameter:
    Info (12134): Parameter "clock_enable_input_a" = "BYPASS"
    Info (12134): Parameter "clock_enable_output_a" = "BYPASS"
    Info (12134): Parameter "init_file" = "p3.mif"
    Info (12134): Parameter "intended_device_family" = "Cyclone II"
    Info (12134): Parameter "lpm_hint" = "ENABLE_RUNTIME_MOD=NO"
    Info (12134): Parameter "lpm_type" = "altsyncram"
    Info (12134): Parameter "numwords_a" = "32"
    Info (12134): Parameter "operation_mode" = "SINGLE_PORT"
    Info (12134): Parameter "outdata_aclr_a" = "NONE"
    Info (12134): Parameter "outdata_reg_a" = "UNREGISTERED"
    Info (12134): Parameter "power_up_uninitialized" = "FALSE"
    Info (12134): Parameter "ram_block_type" = "M4K"
    Info (12134): Parameter "widthad_a" = "5"
    Info (12134): Parameter "width_a" = "8"
    Info (12134): Parameter "width_byteena_a" = "1"
Info (12021): Found 1 design units, including 1 entities, in source file db/altsyncram_e8e1.tdf
    Info (12023): Found entity 1: altsyncram_e8e1
Info (12128): Elaborating entity "altsyncram_e8e1" for hierarchy "p3:R0|altsyncram:altsyncram_component|altsyncram_e8e1:auto_generated"
Info (12128): Elaborating entity "display" for hierarchy "display:H1"
Warning (14284): Synthesized away the following node(s):
    Warning (14285): Synthesized away the following RAM node(s):
        Warning (14320): Synthesized away node "p3:R0|altsyncram:altsyncram_component|altsyncram_e8e1:auto_generated|q_a[3]"
        Warning (14320): Synthesized away node "p3:R0|altsyncram:altsyncram_component|altsyncram_e8e1:auto_generated|q_a[4]"
        Warning (14320): Synthesized away node "p3:R0|altsyncram:altsyncram_component|altsyncram_e8e1:auto_generated|q_a[5]"
        Warning (14320): Synthesized away node "p3:R0|altsyncram:altsyncram_component|altsyncram_e8e1:auto_generated|q_a[6]"
        Warning (14320): Synthesized away node "p3:R0|altsyncram:altsyncram_component|altsyncram_e8e1:auto_generated|q_a[7]"
Warning (12241): 1 hierarchies have connectivity warnings - see the Connectivity Checks report folder
Warning (13024): Output pins are stuck at VCC or GND
    Warning (13410): Pin "LEDG[0]" is stuck at GND
    Warning (13410): Pin "LEDG[1]" is stuck at GND
    Warning (13410): Pin "LEDG[2]" is stuck at GND
    Warning (13410): Pin "LEDG[3]" is stuck at GND
    Warning (13410): Pin "LEDG[4]" is stuck at GND
    Warning (13410): Pin "LEDG[5]" is stuck at GND
    Warning (13410): Pin "LEDG[6]" is stuck at GND
    Warning (13410): Pin "LEDG[7]" is stuck at GND
    Warning (13410): Pin "HEX0[6]" is stuck at GND
    Warning (13410): Pin "HEX0[5]" is stuck at GND
    Warning (13410): Pin "HEX0[4]" is stuck at GND
    Warning (13410): Pin "HEX0[3]" is stuck at GND
    Warning (13410): Pin "HEX0[2]" is stuck at GND
    Warning (13410): Pin "HEX0[1]" is stuck at GND
    Warning (13410): Pin "HEX0[0]" is stuck at GND
    Warning (13410): Pin "HEX1[6]" is stuck at VCC
    Warning (13410): Pin "HEX1[2]" is stuck at GND
    Warning (13410): Pin "HEX1[1]" is stuck at GND
    Warning (13410): Pin "HEX2[6]" is stuck at GND
    Warning (13410): Pin "HEX2[5]" is stuck at GND
    Warning (13410): Pin "HEX2[4]" is stuck at GND
    Warning (13410): Pin "HEX2[3]" is stuck at GND
    Warning (13410): Pin "HEX2[2]" is stuck at GND
    Warning (13410): Pin "HEX2[1]" is stuck at GND
    Warning (13410): Pin "HEX2[0]" is stuck at GND
    Warning (13410): Pin "HEX5[6]" is stuck at VCC
    Warning (13410): Pin "HEX5[5]" is stuck at VCC
    Warning (13410): Pin "HEX5[4]" is stuck at VCC
    Warning (13410): Pin "HEX5[3]" is stuck at VCC
    Warning (13410): Pin "HEX5[2]" is stuck at GND
    Warning (13410): Pin "HEX5[1]" is stuck at GND
    Warning (13410): Pin "HEX5[0]" is stuck at VCC
    Warning (13410): Pin "HEX6[6]" is stuck at VCC
    Warning (13410): Pin "HEX6[2]" is stuck at GND
    Warning (13410): Pin "HEX6[1]" is stuck at GND
    Warning (13410): Pin "HEX7[6]" is stuck at VCC
    Warning (13410): Pin "HEX7[2]" is stuck at GND
    Warning (13410): Pin "HEX7[1]" is stuck at GND
Info (17049): 5 registers lost all their fanouts during netlist optimizations.
Info (17036): Removed 1 MSB VCC or GND address nodes from RAM block "p3:R0|altsyncram:altsyncram_component|altsyncram_e8e1:auto_generated|ALTSYNCRAM"
Info (16010): Generating hard_block partition "hard_block:auto_generated_inst"
    Info (16011): Adding 0 node(s), including 0 DDIO, 0 PLL, 0 transceiver and 0 LCELL
Warning (21074): Design contains 12 input pin(s) that do not drive logic
    Warning (15610): No output dependent on input pin "SW[3]"
    Warning (15610): No output dependent on input pin "SW[4]"
    Warning (15610): No output dependent on input pin "SW[5]"
    Warning (15610): No output dependent on input pin "SW[6]"
    Warning (15610): No output dependent on input pin "SW[7]"
    Warning (15610): No output dependent on input pin "SW[8]"
    Warning (15610): No output dependent on input pin "SW[9]"
    Warning (15610): No output dependent on input pin "SW[10]"
    Warning (15610): No output dependent on input pin "SW[16]"
    Warning (15610): No output dependent on input pin "KEY[1]"
    Warning (15610): No output dependent on input pin "KEY[2]"
    Warning (15610): No output dependent on input pin "KEY[3]"
Info (21057): Implemented 451 device resources after synthesis - the final resource count might be different
    Info (21058): Implemented 22 input pins
    Info (21059): Implemented 64 output pins
    Info (21061): Implemented 362 logic cells
    Info (21064): Implemented 3 RAM segments
Info: Quartus II 64-Bit Analysis & Synthesis was successful. 0 errors, 74 warnings
    Info: Peak virtual memory: 4617 megabytes
    Info: Processing ended: Fri Sep 16 12:33:27 2022
    Info: Elapsed time: 00:00:03
    Info: Total CPU time (on all processors): 00:00:03


